Resolving Package Graph
Resolved source packages
Sentry - https://github.com/getsentry/sentry-cocoa @ 9.1.0
xctest-dynamic-overlay - https://github.com/pointfreeco/xctest-dynamic-overlay @ 1.8.0
swift-clocks - https://github.com/pointfreeco/swift-clocks @ 1.0.6
SwiftAnalyticsKitInterface - https://github.com/fbandemer/SwiftAnalyticsKitInterface @ 1.0.14
swift-dependencies - https://github.com/pointfreeco/swift-dependencies @ 1.10.0
swift-testing - https://github.com/apple/swift-testing.git @ 0.99.0
PostHog - https://github.com/PostHog/posthog-ios.git @ 3.37.0
combine-schedulers - https://github.com/pointfreeco/combine-schedulers @ 1.1.0
RevenueCat - https://github.com/RevenueCat/purchases-ios.git @ 5.52.1
swift-syntax - https://github.com/swiftlang/swift-syntax.git @ 600.0.1
swift-concurrency-extras - https://github.com/pointfreeco/swift-concurrency-extras @ 1.3.2
note: Building targets in dependency order
note: Target dependency graph (29 targets)
Build Succeeded

-----------------------------
-- xcodebuild.nvim summary --
-----------------------------

  ✔ Build Succeeded

